\BOOKMARK [0][-]{chapter.1}{Introduction}{}% 1
\BOOKMARK [1][-]{section.1.1}{Contexte du travail}{chapter.1}% 2
\BOOKMARK [1][-]{section.1.2}{Probl\350me \340 r\351soudre et but du projet}{chapter.1}% 3
\BOOKMARK [1][-]{section.1.3}{Rappel des objectifs du projet}{chapter.1}% 4
\BOOKMARK [1][-]{section.1.4}{Note sur la confidentialit\351 au cours du projet}{chapter.1}% 5
\BOOKMARK [0][-]{chapter.2}{Analyses pr\351liminaires}{}% 6
\BOOKMARK [1][-]{section.2.1}{Le format NIFTI}{chapter.2}% 7
\BOOKMARK [1][-]{section.2.2}{Le calcul distribu\351}{chapter.2}% 8
\BOOKMARK [1][-]{section.2.3}{Le deeplearning et choix d'une bibliotheque}{chapter.2}% 9
\BOOKMARK [1][-]{section.2.4}{Docker}{chapter.2}% 10
\BOOKMARK [0][-]{chapter.3}{Conception}{}% 11
\BOOKMARK [1][-]{section.3.1}{Sch\351mas conceptuels}{chapter.3}% 12
\BOOKMARK [1][-]{section.3.2}{Description des classes}{chapter.3}% 13
\BOOKMARK [1][-]{section.3.3}{Choix de la topologie du/des reseaux de neurones}{chapter.3}% 14
\BOOKMARK [1][-]{section.3.4}{Description du workflow}{chapter.3}% 15
\BOOKMARK [0][-]{chapter.4}{Impl\351mentation}{}% 16
\BOOKMARK [1][-]{section.4.1}{Configuration d'une exp\351rience}{chapter.4}% 17
\BOOKMARK [1][-]{section.4.2}{Lecture des donn\351es}{chapter.4}% 18
\BOOKMARK [1][-]{section.4.3}{Configuration du/des r\351seaux}{chapter.4}% 19
\BOOKMARK [1][-]{section.4.4}{Entra\356nement et \351valuation sans Spark}{chapter.4}% 20
\BOOKMARK [1][-]{section.4.5}{Entra\356nement et \351valuation avec Spark local}{chapter.4}% 21
\BOOKMARK [1][-]{section.4.6}{Entra\356nement et \351valuation avec Spark sur un cluster}{chapter.4}% 22
\BOOKMARK [0][-]{chapter.5}{Exp\351rience r\351alis\351e avec le CHUV}{}% 23
\BOOKMARK [1][-]{section.5.1}{Donn\351e de l'exp\351rience}{chapter.5}% 24
\BOOKMARK [1][-]{section.5.2}{Pr\351paration et ex\351cution de l'exp\351rience}{chapter.5}% 25
\BOOKMARK [1][-]{section.5.3}{R\351sultats}{chapter.5}% 26
\BOOKMARK [0][-]{chapter.6}{Analyses des r\351sultats du projet}{}% 27
\BOOKMARK [0][-]{chapter.7}{Gestion de projet}{}% 28
\BOOKMARK [1][-]{section.7.1}{Diagramme de Gantt}{chapter.7}% 29
\BOOKMARK [1][-]{section.7.2}{Journal de travail}{chapter.7}% 30
\BOOKMARK [1][-]{section.7.3}{Analyse de la gestion de projet}{chapter.7}% 31
\BOOKMARK [0][-]{chapter.8}{Conclusion}{}% 32
\BOOKMARK [1][-]{section.8.1}{Am\351liorations futures}{chapter.8}% 33
\BOOKMARK [1][-]{section.8.2}{Ressenti personnel}{chapter.8}% 34
\BOOKMARK [0][-]{chapter.9}{Sources}{}% 35
\BOOKMARK [0][-]{chapter.10}{Annexes}{}% 36
\BOOKMARK [1][-]{section.10.1}{Cahier des charges}{chapter.10}% 37
\BOOKMARK [1][-]{section.10.2}{Journal de travail}{chapter.10}% 38
\BOOKMARK [1][-]{section.10.3}{Plannification}{chapter.10}% 39
\BOOKMARK [1][-]{section.10.4}{Manuel utilisateur}{chapter.10}% 40
\BOOKMARK [1][-]{section.10.5}{Bibliographie}{chapter.10}% 41
